<?xml version="1.0" encoding="UTF-8"?>
<testng-results ignored="0" total="1" passed="1" failed="0" skipped="0">
  <reporter-output>
    <line>
      <![CDATA[---db connection successful---]]>
    </line>
    <line>
      <![CDATA[---db connection closed successfully---]]>
    </line>
  </reporter-output>
  <suite started-at="2022-07-12T10:21:40 IST" name="Default suite" finished-at="2022-07-12T10:21:42 IST" duration-ms="1826">
    <groups>
    </groups>
    <test started-at="2022-07-12T10:21:40 IST" name="Default test" finished-at="2022-07-12T10:21:42 IST" duration-ms="1826">
      <class name="EndToEndScenario.CreateAProjectAndVerifyItInDB">
        <test-method is-config="true" signature="bsConfig()[pri:0, instance:EndToEndScenario.CreateAProjectAndVerifyItInDB@169e6180]" started-at="2022-07-12T10:21:39 IST" name="bsConfig" finished-at="2022-07-12T10:21:40 IST" duration-ms="874" status="PASS">
          <reporter-output>
            <line>
              <![CDATA[---db connection successful---]]>
            </line>
          </reporter-output>
        </test-method> <!-- bsConfig -->
        <test-method signature="createAProjectAndVerifyItInDBTest()[pri:0, instance:EndToEndScenario.CreateAProjectAndVerifyItInDB@169e6180]" started-at="2022-07-12T10:21:40 IST" name="createAProjectAndVerifyItInDBTest" finished-at="2022-07-12T10:21:42 IST" duration-ms="1799" status="PASS">
          <reporter-output>
          </reporter-output>
        </test-method> <!-- createAProjectAndVerifyItInDBTest -->
        <test-method is-config="true" signature="asConfig()[pri:0, instance:EndToEndScenario.CreateAProjectAndVerifyItInDB@169e6180]" started-at="2022-07-12T10:21:42 IST" name="asConfig" finished-at="2022-07-12T10:21:42 IST" duration-ms="4" status="PASS">
          <reporter-output>
            <line>
              <![CDATA[---db connection closed successfully---]]>
            </line>
          </reporter-output>
        </test-method> <!-- asConfig -->
      </class> <!-- EndToEndScenario.CreateAProjectAndVerifyItInDB -->
    </test> <!-- Default test -->
  </suite> <!-- Default suite -->
</testng-results>
